{"/home/virag/FullStackOpen/FullStackOpen-Part4/app.js": {"path":"/home/virag/FullStackOpen/FullStackOpen-Part4/app.js","statementMap":{"0":{"start":{"line":1,"column":15},"end":{"line":1,"column":40}},"1":{"start":{"line":2,"column":16},"end":{"line":2,"column":34}},"2":{"start":{"line":3,"column":12},"end":{"line":3,"column":21}},"3":{"start":{"line":4,"column":13},"end":{"line":4,"column":28}},"4":{"start":{"line":5,"column":23},"end":{"line":5,"column":56}},"5":{"start":{"line":6,"column":20},"end":{"line":6,"column":50}},"6":{"start":{"line":7,"column":20},"end":{"line":7,"column":50}},"7":{"start":{"line":8,"column":19},"end":{"line":8,"column":48}},"8":{"start":{"line":9,"column":15},"end":{"line":9,"column":40}},"9":{"start":{"line":10,"column":17},"end":{"line":10,"column":36}},"10":{"start":{"line":12,"column":0},"end":{"line":12,"column":35}},"11":{"start":{"line":14,"column":0},"end":{"line":14,"column":49}},"12":{"start":{"line":16,"column":0},"end":{"line":23,"column":5}},"13":{"start":{"line":19,"column":4},"end":{"line":19,"column":40}},"14":{"start":{"line":22,"column":4},"end":{"line":22,"column":64}},"15":{"start":{"line":25,"column":0},"end":{"line":25,"column":16}},"16":{"start":{"line":26,"column":0},"end":{"line":26,"column":33}},"17":{"start":{"line":27,"column":0},"end":{"line":27,"column":24}},"18":{"start":{"line":28,"column":0},"end":{"line":28,"column":34}},"19":{"start":{"line":29,"column":0},"end":{"line":29,"column":35}},"20":{"start":{"line":31,"column":0},"end":{"line":31,"column":38}},"21":{"start":{"line":32,"column":0},"end":{"line":32,"column":35}},"22":{"start":{"line":33,"column":0},"end":{"line":33,"column":35}},"23":{"start":{"line":35,"column":0},"end":{"line":35,"column":36}},"24":{"start":{"line":36,"column":0},"end":{"line":36,"column":33}},"25":{"start":{"line":38,"column":0},"end":{"line":38,"column":21}}},"fnMap":{"0":{"name":"(anonymous_0)","decl":{"start":{"line":18,"column":8},"end":{"line":18,"column":9}},"loc":{"start":{"line":18,"column":14},"end":{"line":20,"column":3}},"line":18},"1":{"name":"(anonymous_1)","decl":{"start":{"line":21,"column":9},"end":{"line":21,"column":10}},"loc":{"start":{"line":21,"column":20},"end":{"line":23,"column":3}},"line":21}},"branchMap":{},"s":{"0":1,"1":1,"2":1,"3":1,"4":1,"5":1,"6":1,"7":1,"8":1,"9":1,"10":1,"11":1,"12":1,"13":1,"14":0,"15":1,"16":1,"17":1,"18":1,"19":1,"20":1,"21":1,"22":1,"23":1,"24":1,"25":1},"f":{"0":1,"1":0},"b":{},"_coverageSchema":"1a1c01bbd47fc00a2c39e90264f33305004495a9","hash":"5ec313a0d40f707c386d67bb134952abfc6b7beb"}
,"/home/virag/FullStackOpen/FullStackOpen-Part4/controllers/blogList.js": {"path":"/home/virag/FullStackOpen/FullStackOpen-Part4/controllers/blogList.js","statementMap":{"0":{"start":{"line":1,"column":23},"end":{"line":1,"column":50}},"1":{"start":{"line":2,"column":13},"end":{"line":2,"column":38}},"2":{"start":{"line":3,"column":26},"end":{"line":3,"column":56}},"3":{"start":{"line":6,"column":0},"end":{"line":9,"column":3}},"4":{"start":{"line":7,"column":16},"end":{"line":7,"column":78}},"5":{"start":{"line":8,"column":2},"end":{"line":8,"column":23}},"6":{"start":{"line":12,"column":0},"end":{"line":33,"column":3}},"7":{"start":{"line":13,"column":15},"end":{"line":13,"column":27}},"8":{"start":{"line":14,"column":15},"end":{"line":14,"column":27}},"9":{"start":{"line":16,"column":15},"end":{"line":22,"column":4}},"10":{"start":{"line":24,"column":2},"end":{"line":26,"column":3}},"11":{"start":{"line":25,"column":4},"end":{"line":25,"column":19}},"12":{"start":{"line":28,"column":20},"end":{"line":28,"column":37}},"13":{"start":{"line":29,"column":2},"end":{"line":29,"column":47}},"14":{"start":{"line":30,"column":2},"end":{"line":30,"column":20}},"15":{"start":{"line":32,"column":2},"end":{"line":32,"column":39}},"16":{"start":{"line":36,"column":0},"end":{"line":48,"column":3}},"17":{"start":{"line":37,"column":13},"end":{"line":37,"column":30}},"18":{"start":{"line":39,"column":22},"end":{"line":41,"column":3}},"19":{"start":{"line":43,"column":17},"end":{"line":45,"column":4}},"20":{"start":{"line":47,"column":2},"end":{"line":47,"column":24}},"21":{"start":{"line":51,"column":0},"end":{"line":65,"column":3}},"22":{"start":{"line":52,"column":13},"end":{"line":52,"column":30}},"23":{"start":{"line":54,"column":2},"end":{"line":64,"column":3}},"24":{"start":{"line":55,"column":4},"end":{"line":55,"column":61}},"25":{"start":{"line":57,"column":17},"end":{"line":57,"column":40}},"26":{"start":{"line":59,"column":4},"end":{"line":63,"column":5}},"27":{"start":{"line":60,"column":6},"end":{"line":60,"column":33}},"28":{"start":{"line":62,"column":6},"end":{"line":62,"column":26}},"29":{"start":{"line":68,"column":0},"end":{"line":77,"column":3}},"30":{"start":{"line":69,"column":13},"end":{"line":69,"column":30}},"31":{"start":{"line":70,"column":21},"end":{"line":70,"column":33}},"32":{"start":{"line":71,"column":15},"end":{"line":71,"column":38}},"33":{"start":{"line":73,"column":2},"end":{"line":76,"column":3}},"34":{"start":{"line":74,"column":4},"end":{"line":74,"column":37}},"35":{"start":{"line":75,"column":4},"end":{"line":75,"column":31}},"36":{"start":{"line":79,"column":0},"end":{"line":79,"column":32}}},"fnMap":{"0":{"name":"(anonymous_0)","decl":{"start":{"line":6,"column":24},"end":{"line":6,"column":25}},"loc":{"start":{"line":6,"column":53},"end":{"line":9,"column":1}},"line":6},"1":{"name":"(anonymous_1)","decl":{"start":{"line":12,"column":25},"end":{"line":12,"column":26}},"loc":{"start":{"line":12,"column":54},"end":{"line":33,"column":1}},"line":12},"2":{"name":"(anonymous_2)","decl":{"start":{"line":36,"column":27},"end":{"line":36,"column":28}},"loc":{"start":{"line":36,"column":56},"end":{"line":48,"column":1}},"line":36},"3":{"name":"(anonymous_3)","decl":{"start":{"line":51,"column":27},"end":{"line":51,"column":28}},"loc":{"start":{"line":51,"column":56},"end":{"line":65,"column":1}},"line":51},"4":{"name":"(anonymous_4)","decl":{"start":{"line":68,"column":45},"end":{"line":68,"column":46}},"loc":{"start":{"line":68,"column":74},"end":{"line":77,"column":1}},"line":68}},"branchMap":{"0":{"loc":{"start":{"line":24,"column":2},"end":{"line":26,"column":3}},"type":"if","locations":[{"start":{"line":24,"column":2},"end":{"line":26,"column":3}},{"start":{},"end":{}}],"line":24},"1":{"loc":{"start":{"line":54,"column":2},"end":{"line":64,"column":3}},"type":"if","locations":[{"start":{"line":54,"column":2},"end":{"line":64,"column":3}},{"start":{"line":56,"column":9},"end":{"line":64,"column":3}}],"line":54},"2":{"loc":{"start":{"line":59,"column":4},"end":{"line":63,"column":5}},"type":"if","locations":[{"start":{"line":59,"column":4},"end":{"line":63,"column":5}},{"start":{"line":61,"column":11},"end":{"line":63,"column":5}}],"line":59},"3":{"loc":{"start":{"line":73,"column":2},"end":{"line":76,"column":3}},"type":"if","locations":[{"start":{"line":73,"column":2},"end":{"line":76,"column":3}},{"start":{},"end":{}}],"line":73}},"s":{"0":1,"1":1,"2":1,"3":1,"4":4,"5":4,"6":1,"7":2,"8":2,"9":2,"10":0,"11":0,"12":0,"13":0,"14":0,"15":0,"16":1,"17":1,"18":1,"19":1,"20":1,"21":1,"22":3,"23":3,"24":1,"25":2,"26":2,"27":1,"28":1,"29":1,"30":0,"31":0,"32":0,"33":0,"34":0,"35":0,"36":1},"f":{"0":4,"1":2,"2":1,"3":3,"4":0},"b":{"0":[0,0],"1":[1,2],"2":[1,1],"3":[0,0]},"_coverageSchema":"1a1c01bbd47fc00a2c39e90264f33305004495a9","hash":"8e60793342ae0411de0b409ad7b5ae5e816a2059"}
,"/home/virag/FullStackOpen/FullStackOpen-Part4/controllers/login.js": {"path":"/home/virag/FullStackOpen/FullStackOpen-Part4/controllers/login.js","statementMap":{"0":{"start":{"line":1,"column":12},"end":{"line":1,"column":35}},"1":{"start":{"line":2,"column":15},"end":{"line":2,"column":32}},"2":{"start":{"line":3,"column":20},"end":{"line":3,"column":47}},"3":{"start":{"line":4,"column":13},"end":{"line":4,"column":38}},"4":{"start":{"line":6,"column":0},"end":{"line":29,"column":3}},"5":{"start":{"line":7,"column":33},"end":{"line":7,"column":45}},"6":{"start":{"line":9,"column":15},"end":{"line":9,"column":47}},"7":{"start":{"line":11,"column":4},"end":{"line":11,"column":77}},"8":{"start":{"line":13,"column":2},"end":{"line":15,"column":3}},"9":{"start":{"line":14,"column":4},"end":{"line":14,"column":80}},"10":{"start":{"line":17,"column":23},"end":{"line":20,"column":3}},"11":{"start":{"line":22,"column":16},"end":{"line":24,"column":4}},"12":{"start":{"line":26,"column":2},"end":{"line":28,"column":63}},"13":{"start":{"line":31,"column":0},"end":{"line":31,"column":29}}},"fnMap":{"0":{"name":"(anonymous_0)","decl":{"start":{"line":6,"column":22},"end":{"line":6,"column":23}},"loc":{"start":{"line":6,"column":51},"end":{"line":29,"column":1}},"line":6}},"branchMap":{"0":{"loc":{"start":{"line":11,"column":4},"end":{"line":11,"column":77}},"type":"cond-expr","locations":[{"start":{"line":11,"column":20},"end":{"line":11,"column":25}},{"start":{"line":11,"column":28},"end":{"line":11,"column":77}}],"line":11},"1":{"loc":{"start":{"line":13,"column":2},"end":{"line":15,"column":3}},"type":"if","locations":[{"start":{"line":13,"column":2},"end":{"line":15,"column":3}},{"start":{},"end":{}}],"line":13},"2":{"loc":{"start":{"line":13,"column":8},"end":{"line":13,"column":31}},"type":"binary-expr","locations":[{"start":{"line":13,"column":8},"end":{"line":13,"column":12}},{"start":{"line":13,"column":16},"end":{"line":13,"column":31}}],"line":13}},"s":{"0":1,"1":1,"2":1,"3":1,"4":1,"5":14,"6":14,"7":14,"8":14,"9":13,"10":1,"11":1,"12":1,"13":1},"f":{"0":14},"b":{"0":[13,1],"1":[13,1],"2":[14,1]},"_coverageSchema":"1a1c01bbd47fc00a2c39e90264f33305004495a9","hash":"04b3c5f25db74278ba644982d9ca32abbf62779e"}
,"/home/virag/FullStackOpen/FullStackOpen-Part4/controllers/users.js": {"path":"/home/virag/FullStackOpen/FullStackOpen-Part4/controllers/users.js","statementMap":{"0":{"start":{"line":1,"column":15},"end":{"line":1,"column":32}},"1":{"start":{"line":2,"column":20},"end":{"line":2,"column":47}},"2":{"start":{"line":3,"column":13},"end":{"line":3,"column":38}},"3":{"start":{"line":5,"column":0},"end":{"line":28,"column":3}},"4":{"start":{"line":6,"column":39},"end":{"line":6,"column":51}},"5":{"start":{"line":7,"column":16},"end":{"line":7,"column":35}},"6":{"start":{"line":8,"column":20},"end":{"line":8,"column":54}},"7":{"start":{"line":8,"column":40},"end":{"line":8,"column":53}},"8":{"start":{"line":10,"column":21},"end":{"line":10,"column":23}},"9":{"start":{"line":11,"column":23},"end":{"line":11,"column":62}},"10":{"start":{"line":13,"column":2},"end":{"line":27,"column":3}},"11":{"start":{"line":14,"column":4},"end":{"line":17,"column":13}},"12":{"start":{"line":19,"column":17},"end":{"line":23,"column":6}},"13":{"start":{"line":25,"column":22},"end":{"line":25,"column":39}},"14":{"start":{"line":26,"column":4},"end":{"line":26,"column":41}},"15":{"start":{"line":30,"column":0},"end":{"line":38,"column":3}},"16":{"start":{"line":31,"column":16},"end":{"line":36,"column":4}},"17":{"start":{"line":37,"column":2},"end":{"line":37,"column":23}},"18":{"start":{"line":40,"column":0},"end":{"line":40,"column":29}}},"fnMap":{"0":{"name":"(anonymous_0)","decl":{"start":{"line":5,"column":22},"end":{"line":5,"column":23}},"loc":{"start":{"line":5,"column":51},"end":{"line":28,"column":1}},"line":5},"1":{"name":"(anonymous_1)","decl":{"start":{"line":8,"column":30},"end":{"line":8,"column":31}},"loc":{"start":{"line":8,"column":40},"end":{"line":8,"column":53}},"line":8},"2":{"name":"(anonymous_2)","decl":{"start":{"line":30,"column":21},"end":{"line":30,"column":22}},"loc":{"start":{"line":30,"column":50},"end":{"line":38,"column":1}},"line":30}},"branchMap":{"0":{"loc":{"start":{"line":13,"column":2},"end":{"line":27,"column":3}},"type":"if","locations":[{"start":{"line":13,"column":2},"end":{"line":27,"column":3}},{"start":{"line":18,"column":9},"end":{"line":27,"column":3}}],"line":13}},"s":{"0":1,"1":1,"2":1,"3":1,"4":0,"5":0,"6":0,"7":0,"8":0,"9":0,"10":0,"11":0,"12":0,"13":0,"14":0,"15":1,"16":0,"17":0,"18":1},"f":{"0":0,"1":0,"2":0},"b":{"0":[0,0]},"_coverageSchema":"1a1c01bbd47fc00a2c39e90264f33305004495a9","hash":"94bfd58549ceaa935d315467611c1f17b0e4e2e1"}
,"/home/virag/FullStackOpen/FullStackOpen-Part4/models/blog.js": {"path":"/home/virag/FullStackOpen/FullStackOpen-Part4/models/blog.js","statementMap":{"0":{"start":{"line":1,"column":17},"end":{"line":1,"column":36}},"1":{"start":{"line":3,"column":19},"end":{"line":22,"column":2}},"2":{"start":{"line":24,"column":0},"end":{"line":30,"column":3}},"3":{"start":{"line":26,"column":4},"end":{"line":26,"column":54}},"4":{"start":{"line":27,"column":4},"end":{"line":27,"column":30}},"5":{"start":{"line":28,"column":4},"end":{"line":28,"column":30}},"6":{"start":{"line":32,"column":0},"end":{"line":32,"column":52}}},"fnMap":{"0":{"name":"(anonymous_0)","decl":{"start":{"line":25,"column":13},"end":{"line":25,"column":14}},"loc":{"start":{"line":25,"column":43},"end":{"line":29,"column":3}},"line":25}},"branchMap":{},"s":{"0":1,"1":1,"2":1,"3":50,"4":50,"5":50,"6":1},"f":{"0":50},"b":{},"_coverageSchema":"1a1c01bbd47fc00a2c39e90264f33305004495a9","hash":"a650a6738cff9350927d80f5229608b265a9af8b"}
,"/home/virag/FullStackOpen/FullStackOpen-Part4/models/user.js": {"path":"/home/virag/FullStackOpen/FullStackOpen-Part4/models/user.js","statementMap":{"0":{"start":{"line":1,"column":17},"end":{"line":1,"column":36}},"1":{"start":{"line":2,"column":24},"end":{"line":2,"column":60}},"2":{"start":{"line":4,"column":19},"end":{"line":23,"column":2}},"3":{"start":{"line":25,"column":0},"end":{"line":32,"column":3}},"4":{"start":{"line":27,"column":4},"end":{"line":27,"column":54}},"5":{"start":{"line":28,"column":4},"end":{"line":28,"column":30}},"6":{"start":{"line":29,"column":4},"end":{"line":29,"column":30}},"7":{"start":{"line":30,"column":4},"end":{"line":30,"column":39}},"8":{"start":{"line":34,"column":0},"end":{"line":34,"column":35}},"9":{"start":{"line":36,"column":0},"end":{"line":36,"column":52}}},"fnMap":{"0":{"name":"(anonymous_0)","decl":{"start":{"line":26,"column":13},"end":{"line":26,"column":14}},"loc":{"start":{"line":26,"column":43},"end":{"line":31,"column":3}},"line":26}},"branchMap":{},"s":{"0":1,"1":1,"2":1,"3":1,"4":1,"5":1,"6":1,"7":1,"8":1,"9":1},"f":{"0":1},"b":{},"_coverageSchema":"1a1c01bbd47fc00a2c39e90264f33305004495a9","hash":"d50c58c4390c1cc63536c941a8d6f064c3ba153e"}
,"/home/virag/FullStackOpen/FullStackOpen-Part4/tests/test_helper.js": {"path":"/home/virag/FullStackOpen/FullStackOpen-Part4/tests/test_helper.js","statementMap":{"0":{"start":{"line":1,"column":13},"end":{"line":1,"column":38}},"1":{"start":{"line":2,"column":13},"end":{"line":2,"column":38}},"2":{"start":{"line":4,"column":21},"end":{"line":53,"column":1}},"3":{"start":{"line":55,"column":22},"end":{"line":66,"column":1}},"4":{"start":{"line":56,"column":15},"end":{"line":61,"column":4}},"5":{"start":{"line":62,"column":2},"end":{"line":62,"column":20}},"6":{"start":{"line":63,"column":2},"end":{"line":63,"column":22}},"7":{"start":{"line":65,"column":2},"end":{"line":65,"column":29}},"8":{"start":{"line":68,"column":18},"end":{"line":71,"column":1}},"9":{"start":{"line":69,"column":16},"end":{"line":69,"column":35}},"10":{"start":{"line":70,"column":2},"end":{"line":70,"column":44}},"11":{"start":{"line":70,"column":29},"end":{"line":70,"column":42}},"12":{"start":{"line":73,"column":18},"end":{"line":76,"column":1}},"13":{"start":{"line":74,"column":16},"end":{"line":74,"column":35}},"14":{"start":{"line":75,"column":2},"end":{"line":75,"column":44}},"15":{"start":{"line":75,"column":29},"end":{"line":75,"column":42}},"16":{"start":{"line":78,"column":0},"end":{"line":83,"column":2}}},"fnMap":{"0":{"name":"(anonymous_0)","decl":{"start":{"line":55,"column":22},"end":{"line":55,"column":23}},"loc":{"start":{"line":55,"column":34},"end":{"line":66,"column":1}},"line":55},"1":{"name":"(anonymous_1)","decl":{"start":{"line":68,"column":18},"end":{"line":68,"column":19}},"loc":{"start":{"line":68,"column":30},"end":{"line":71,"column":1}},"line":68},"2":{"name":"(anonymous_2)","decl":{"start":{"line":70,"column":19},"end":{"line":70,"column":20}},"loc":{"start":{"line":70,"column":29},"end":{"line":70,"column":42}},"line":70},"3":{"name":"(anonymous_3)","decl":{"start":{"line":73,"column":18},"end":{"line":73,"column":19}},"loc":{"start":{"line":73,"column":30},"end":{"line":76,"column":1}},"line":73},"4":{"name":"(anonymous_4)","decl":{"start":{"line":75,"column":19},"end":{"line":75,"column":20}},"loc":{"start":{"line":75,"column":29},"end":{"line":75,"column":42}},"line":75}},"branchMap":{},"s":{"0":1,"1":1,"2":1,"3":1,"4":1,"5":1,"6":1,"7":1,"8":1,"9":4,"10":4,"11":24,"12":1,"13":1,"14":1,"15":1,"16":1},"f":{"0":1,"1":4,"2":24,"3":1,"4":1},"b":{},"_coverageSchema":"1a1c01bbd47fc00a2c39e90264f33305004495a9","hash":"91c2e024fcff32eb01b99472fe75289054c9cbd7"}
,"/home/virag/FullStackOpen/FullStackOpen-Part4/utils/config.js": {"path":"/home/virag/FullStackOpen/FullStackOpen-Part4/utils/config.js","statementMap":{"0":{"start":{"line":1,"column":0},"end":{"line":1,"column":27}},"1":{"start":{"line":2,"column":13},"end":{"line":2,"column":29}},"2":{"start":{"line":4,"column":2},"end":{"line":6,"column":29}},"3":{"start":{"line":8,"column":0},"end":{"line":11,"column":2}}},"fnMap":{},"branchMap":{"0":{"loc":{"start":{"line":4,"column":2},"end":{"line":6,"column":29}},"type":"cond-expr","locations":[{"start":{"line":5,"column":6},"end":{"line":5,"column":34}},{"start":{"line":6,"column":6},"end":{"line":6,"column":29}}],"line":4}},"s":{"0":1,"1":1,"2":1,"3":1},"f":{},"b":{"0":[1,0]},"_coverageSchema":"1a1c01bbd47fc00a2c39e90264f33305004495a9","hash":"613b096796a55654f482a852e8a4e0776c145bf5"}
,"/home/virag/FullStackOpen/FullStackOpen-Part4/utils/logger.js": {"path":"/home/virag/FullStackOpen/FullStackOpen-Part4/utils/logger.js","statementMap":{"0":{"start":{"line":1,"column":13},"end":{"line":5,"column":1}},"1":{"start":{"line":2,"column":2},"end":{"line":4,"column":3}},"2":{"start":{"line":3,"column":4},"end":{"line":3,"column":27}},"3":{"start":{"line":6,"column":14},"end":{"line":10,"column":1}},"4":{"start":{"line":7,"column":2},"end":{"line":9,"column":3}},"5":{"start":{"line":8,"column":4},"end":{"line":8,"column":29}},"6":{"start":{"line":12,"column":0},"end":{"line":15,"column":2}}},"fnMap":{"0":{"name":"(anonymous_0)","decl":{"start":{"line":1,"column":13},"end":{"line":1,"column":14}},"loc":{"start":{"line":1,"column":28},"end":{"line":5,"column":1}},"line":1},"1":{"name":"(anonymous_1)","decl":{"start":{"line":6,"column":14},"end":{"line":6,"column":15}},"loc":{"start":{"line":6,"column":29},"end":{"line":10,"column":1}},"line":6}},"branchMap":{"0":{"loc":{"start":{"line":2,"column":2},"end":{"line":4,"column":3}},"type":"if","locations":[{"start":{"line":2,"column":2},"end":{"line":4,"column":3}},{"start":{},"end":{}}],"line":2},"1":{"loc":{"start":{"line":7,"column":2},"end":{"line":9,"column":3}},"type":"if","locations":[{"start":{"line":7,"column":2},"end":{"line":9,"column":3}},{"start":{},"end":{}}],"line":7}},"s":{"0":1,"1":102,"2":0,"3":1,"4":0,"5":0,"6":1},"f":{"0":102,"1":0},"b":{"0":[0,102],"1":[0,0]},"_coverageSchema":"1a1c01bbd47fc00a2c39e90264f33305004495a9","hash":"b3a010b3579652c32bfb91aa71ee105462203899"}
,"/home/virag/FullStackOpen/FullStackOpen-Part4/utils/middleware.js": {"path":"/home/virag/FullStackOpen/FullStackOpen-Part4/utils/middleware.js","statementMap":{"0":{"start":{"line":1,"column":15},"end":{"line":1,"column":34}},"1":{"start":{"line":2,"column":12},"end":{"line":2,"column":35}},"2":{"start":{"line":3,"column":13},"end":{"line":3,"column":38}},"3":{"start":{"line":5,"column":22},"end":{"line":11,"column":1}},"4":{"start":{"line":6,"column":2},"end":{"line":6,"column":41}},"5":{"start":{"line":7,"column":2},"end":{"line":7,"column":38}},"6":{"start":{"line":8,"column":2},"end":{"line":8,"column":38}},"7":{"start":{"line":9,"column":2},"end":{"line":9,"column":21}},"8":{"start":{"line":10,"column":2},"end":{"line":10,"column":9}},"9":{"start":{"line":13,"column":23},"end":{"line":20,"column":1}},"10":{"start":{"line":14,"column":24},"end":{"line":14,"column":52}},"11":{"start":{"line":16,"column":2},"end":{"line":18,"column":3}},"12":{"start":{"line":17,"column":4},"end":{"line":17,"column":57}},"13":{"start":{"line":19,"column":2},"end":{"line":19,"column":9}},"14":{"start":{"line":22,"column":22},"end":{"line":33,"column":1}},"15":{"start":{"line":23,"column":23},"end":{"line":23,"column":68}},"16":{"start":{"line":25,"column":2},"end":{"line":27,"column":3}},"17":{"start":{"line":26,"column":4},"end":{"line":26,"column":65}},"18":{"start":{"line":29,"column":15},"end":{"line":29,"column":51}},"19":{"start":{"line":30,"column":2},"end":{"line":30,"column":22}},"20":{"start":{"line":32,"column":2},"end":{"line":32,"column":9}},"21":{"start":{"line":35,"column":24},"end":{"line":36,"column":58}},"22":{"start":{"line":36,"column":2},"end":{"line":36,"column":58}},"23":{"start":{"line":38,"column":21},"end":{"line":51,"column":1}},"24":{"start":{"line":39,"column":2},"end":{"line":39,"column":30}},"25":{"start":{"line":41,"column":2},"end":{"line":49,"column":3}},"26":{"start":{"line":42,"column":4},"end":{"line":42,"column":67}},"27":{"start":{"line":43,"column":9},"end":{"line":49,"column":3}},"28":{"start":{"line":44,"column":4},"end":{"line":44,"column":63}},"29":{"start":{"line":45,"column":9},"end":{"line":49,"column":3}},"30":{"start":{"line":46,"column":4},"end":{"line":46,"column":76}},"31":{"start":{"line":47,"column":9},"end":{"line":49,"column":3}},"32":{"start":{"line":48,"column":4},"end":{"line":48,"column":65}},"33":{"start":{"line":50,"column":2},"end":{"line":50,"column":14}},"34":{"start":{"line":53,"column":0},"end":{"line":59,"column":2}}},"fnMap":{"0":{"name":"(anonymous_0)","decl":{"start":{"line":5,"column":22},"end":{"line":5,"column":23}},"loc":{"start":{"line":5,"column":51},"end":{"line":11,"column":1}},"line":5},"1":{"name":"(anonymous_1)","decl":{"start":{"line":13,"column":23},"end":{"line":13,"column":24}},"loc":{"start":{"line":13,"column":52},"end":{"line":20,"column":1}},"line":13},"2":{"name":"(anonymous_2)","decl":{"start":{"line":22,"column":22},"end":{"line":22,"column":23}},"loc":{"start":{"line":22,"column":57},"end":{"line":33,"column":1}},"line":22},"3":{"name":"(anonymous_3)","decl":{"start":{"line":35,"column":24},"end":{"line":35,"column":25}},"loc":{"start":{"line":36,"column":2},"end":{"line":36,"column":58}},"line":36},"4":{"name":"(anonymous_4)","decl":{"start":{"line":38,"column":21},"end":{"line":38,"column":22}},"loc":{"start":{"line":38,"column":57},"end":{"line":51,"column":1}},"line":38}},"branchMap":{"0":{"loc":{"start":{"line":16,"column":2},"end":{"line":18,"column":3}},"type":"if","locations":[{"start":{"line":16,"column":2},"end":{"line":18,"column":3}},{"start":{},"end":{}}],"line":16},"1":{"loc":{"start":{"line":16,"column":6},"end":{"line":16,"column":58}},"type":"binary-expr","locations":[{"start":{"line":16,"column":6},"end":{"line":16,"column":19}},{"start":{"line":16,"column":23},"end":{"line":16,"column":58}}],"line":16},"2":{"loc":{"start":{"line":25,"column":2},"end":{"line":27,"column":3}},"type":"if","locations":[{"start":{"line":25,"column":2},"end":{"line":27,"column":3}},{"start":{},"end":{}}],"line":25},"3":{"loc":{"start":{"line":41,"column":2},"end":{"line":49,"column":3}},"type":"if","locations":[{"start":{"line":41,"column":2},"end":{"line":49,"column":3}},{"start":{"line":43,"column":9},"end":{"line":49,"column":3}}],"line":41},"4":{"loc":{"start":{"line":43,"column":9},"end":{"line":49,"column":3}},"type":"if","locations":[{"start":{"line":43,"column":9},"end":{"line":49,"column":3}},{"start":{"line":45,"column":9},"end":{"line":49,"column":3}}],"line":43},"5":{"loc":{"start":{"line":45,"column":9},"end":{"line":49,"column":3}},"type":"if","locations":[{"start":{"line":45,"column":9},"end":{"line":49,"column":3}},{"start":{"line":47,"column":9},"end":{"line":49,"column":3}}],"line":45},"6":{"loc":{"start":{"line":47,"column":9},"end":{"line":49,"column":3}},"type":"if","locations":[{"start":{"line":47,"column":9},"end":{"line":49,"column":3}},{"start":{},"end":{}}],"line":47}},"s":{"0":1,"1":1,"2":1,"3":1,"4":25,"5":25,"6":25,"7":25,"8":25,"9":1,"10":25,"11":25,"12":2,"13":25,"14":1,"15":1,"16":0,"17":0,"18":0,"19":0,"20":0,"21":1,"22":0,"23":1,"24":0,"25":0,"26":0,"27":0,"28":0,"29":0,"30":0,"31":0,"32":0,"33":0,"34":1},"f":{"0":25,"1":25,"2":1,"3":0,"4":0},"b":{"0":[2,23],"1":[25,2],"2":[0,0],"3":[0,0],"4":[0,0],"5":[0,0],"6":[0,0]},"_coverageSchema":"1a1c01bbd47fc00a2c39e90264f33305004495a9","hash":"0e7c1c97ae83f02491e8524a81674fa8cfff458f"}
}
