TN:
SF:app.js
FN:17,(anonymous_0)
FN:20,(anonymous_1)
FNF:2
FNH:1
FNDA:1,(anonymous_0)
FNDA:0,(anonymous_1)
DA:1,1
DA:2,1
DA:3,1
DA:4,1
DA:5,1
DA:6,1
DA:7,1
DA:8,1
DA:9,1
DA:11,1
DA:13,1
DA:15,1
DA:18,1
DA:21,0
DA:24,1
DA:25,1
DA:26,1
DA:27,1
DA:29,1
DA:30,1
DA:32,1
DA:33,1
DA:35,1
LF:23
LH:22
BRF:0
BRH:0
end_of_record
TN:
SF:controllers/blogList.js
FN:6,(anonymous_0)
FN:12,(anonymous_1)
FN:36,(anonymous_2)
FN:51,(anonymous_3)
FN:68,(anonymous_4)
FNF:5
FNH:5
FNDA:4,(anonymous_0)
FNDA:2,(anonymous_1)
FNDA:1,(anonymous_2)
FNDA:3,(anonymous_3)
FNDA:1,(anonymous_4)
DA:1,1
DA:2,1
DA:3,1
DA:6,1
DA:7,4
DA:8,4
DA:12,1
DA:13,2
DA:14,2
DA:16,2
DA:24,2
DA:25,1
DA:28,2
DA:29,2
DA:30,2
DA:32,2
DA:36,1
DA:37,1
DA:39,1
DA:43,1
DA:47,1
DA:51,1
DA:52,3
DA:54,3
DA:55,1
DA:57,2
DA:59,2
DA:60,1
DA:62,1
DA:68,1
DA:69,1
DA:70,1
DA:71,1
DA:74,1
LF:34
LH:34
BRDA:24,0,0,1
BRDA:24,0,1,1
BRDA:54,1,0,1
BRDA:54,1,1,2
BRDA:59,2,0,1
BRDA:59,2,1,1
BRF:6
BRH:6
end_of_record
TN:
SF:controllers/users.js
FN:5,(anonymous_0)
FN:8,(anonymous_1)
FN:30,(anonymous_2)
FNF:3
FNH:0
FNDA:0,(anonymous_0)
FNDA:0,(anonymous_1)
FNDA:0,(anonymous_2)
DA:1,1
DA:2,1
DA:3,1
DA:5,1
DA:6,0
DA:7,0
DA:8,0
DA:10,0
DA:11,0
DA:13,0
DA:14,0
DA:19,0
DA:25,0
DA:26,0
DA:30,1
DA:31,0
DA:37,0
DA:40,1
LF:18
LH:6
BRDA:13,0,0,0
BRDA:13,0,1,0
BRF:2
BRH:0
end_of_record
TN:
SF:models/blog.js
FN:25,(anonymous_0)
FNF:1
FNH:1
FNDA:71,(anonymous_0)
DA:1,1
DA:3,1
DA:24,1
DA:26,71
DA:27,71
DA:28,71
DA:32,1
LF:7
LH:7
BRF:0
BRH:0
end_of_record
TN:
SF:models/user.js
FN:26,(anonymous_0)
FNF:1
FNH:1
FNDA:2,(anonymous_0)
DA:1,1
DA:2,1
DA:4,1
DA:25,1
DA:27,2
DA:28,2
DA:29,2
DA:30,2
DA:34,1
DA:36,1
LF:10
LH:10
BRF:0
BRH:0
end_of_record
TN:
SF:tests/test_helper.js
FN:55,(anonymous_0)
FN:68,(anonymous_1)
FN:70,(anonymous_2)
FN:73,(anonymous_3)
FN:75,(anonymous_4)
FNF:5
FNH:5
FNDA:1,(anonymous_0)
FNDA:7,(anonymous_1)
FNDA:43,(anonymous_2)
FNDA:2,(anonymous_3)
FNDA:2,(anonymous_4)
DA:1,1
DA:2,1
DA:4,1
DA:55,1
DA:56,1
DA:62,1
DA:63,1
DA:65,1
DA:68,1
DA:69,7
DA:70,43
DA:73,1
DA:74,2
DA:75,2
DA:78,1
LF:15
LH:15
BRF:0
BRH:0
end_of_record
TN:
SF:utils/config.js
FNF:0
FNH:0
DA:1,1
DA:2,1
DA:4,1
DA:8,1
LF:4
LH:4
BRDA:4,0,0,1
BRDA:4,0,1,0
BRF:2
BRH:1
end_of_record
TN:
SF:utils/logger.js
FN:1,(anonymous_0)
FN:6,(anonymous_1)
FNF:2
FNH:1
FNDA:46,(anonymous_0)
FNDA:0,(anonymous_1)
DA:1,1
DA:2,46
DA:3,0
DA:6,1
DA:7,0
DA:8,0
DA:12,1
LF:7
LH:4
BRDA:2,0,0,0
BRDA:2,0,1,46
BRDA:7,1,0,0
BRDA:7,1,1,0
BRF:4
BRH:1
end_of_record
TN:
SF:utils/middleware.js
FN:3,(anonymous_0)
FN:11,(anonymous_1)
FN:14,(anonymous_2)
FNF:3
FNH:1
FNDA:11,(anonymous_0)
FNDA:0,(anonymous_1)
FNDA:0,(anonymous_2)
DA:1,1
DA:3,1
DA:4,11
DA:5,11
DA:6,11
DA:7,11
DA:8,11
DA:11,1
DA:12,0
DA:14,1
DA:15,0
DA:17,0
DA:18,0
DA:19,0
DA:20,0
DA:22,0
DA:25,1
LF:17
LH:10
BRDA:17,0,0,0
BRDA:17,0,1,0
BRDA:19,1,0,0
BRDA:19,1,1,0
BRF:4
BRH:0
end_of_record
