TN:
SF:app.js
FN:18,(anonymous_0)
FN:21,(anonymous_1)
FNF:2
FNH:1
FNDA:1,(anonymous_0)
FNDA:0,(anonymous_1)
DA:1,1
DA:2,1
DA:3,1
DA:4,1
DA:5,1
DA:6,1
DA:7,1
DA:8,1
DA:9,1
DA:10,1
DA:12,1
DA:14,1
DA:16,1
DA:19,1
DA:22,0
DA:25,1
DA:26,1
DA:27,1
DA:28,1
DA:29,1
DA:31,1
DA:32,1
DA:33,1
DA:35,1
DA:36,1
DA:38,1
LF:26
LH:25
BRF:0
BRH:0
end_of_record
TN:
SF:controllers/blogList.js
FN:6,(anonymous_0)
FN:12,(anonymous_1)
FN:36,(anonymous_2)
FN:51,(anonymous_3)
FN:68,(anonymous_4)
FNF:5
FNH:4
FNDA:4,(anonymous_0)
FNDA:2,(anonymous_1)
FNDA:1,(anonymous_2)
FNDA:3,(anonymous_3)
FNDA:0,(anonymous_4)
DA:1,1
DA:2,1
DA:3,1
DA:6,1
DA:7,4
DA:8,4
DA:12,1
DA:13,2
DA:14,2
DA:16,2
DA:24,0
DA:25,0
DA:28,0
DA:29,0
DA:30,0
DA:32,0
DA:36,1
DA:37,1
DA:39,1
DA:43,1
DA:47,1
DA:51,1
DA:52,3
DA:54,3
DA:55,1
DA:57,2
DA:59,2
DA:60,1
DA:62,1
DA:68,1
DA:69,0
DA:70,0
DA:71,0
DA:73,0
DA:74,0
DA:75,0
DA:79,1
LF:37
LH:25
BRDA:24,0,0,0
BRDA:24,0,1,0
BRDA:54,1,0,1
BRDA:54,1,1,2
BRDA:59,2,0,1
BRDA:59,2,1,1
BRDA:73,3,0,0
BRDA:73,3,1,0
BRF:8
BRH:4
end_of_record
TN:
SF:controllers/login.js
FN:6,(anonymous_0)
FNF:1
FNH:1
FNDA:14,(anonymous_0)
DA:1,1
DA:2,1
DA:3,1
DA:4,1
DA:6,1
DA:7,14
DA:9,14
DA:11,14
DA:13,14
DA:14,13
DA:17,1
DA:22,1
DA:26,1
DA:31,1
LF:14
LH:14
BRDA:11,0,0,13
BRDA:11,0,1,1
BRDA:13,1,0,13
BRDA:13,1,1,1
BRDA:13,2,0,14
BRDA:13,2,1,1
BRF:6
BRH:6
end_of_record
TN:
SF:controllers/users.js
FN:5,(anonymous_0)
FN:8,(anonymous_1)
FN:30,(anonymous_2)
FNF:3
FNH:0
FNDA:0,(anonymous_0)
FNDA:0,(anonymous_1)
FNDA:0,(anonymous_2)
DA:1,1
DA:2,1
DA:3,1
DA:5,1
DA:6,0
DA:7,0
DA:8,0
DA:10,0
DA:11,0
DA:13,0
DA:14,0
DA:19,0
DA:25,0
DA:26,0
DA:30,1
DA:31,0
DA:37,0
DA:40,1
LF:18
LH:6
BRDA:13,0,0,0
BRDA:13,0,1,0
BRF:2
BRH:0
end_of_record
TN:
SF:models/blog.js
FN:25,(anonymous_0)
FNF:1
FNH:1
FNDA:50,(anonymous_0)
DA:1,1
DA:3,1
DA:24,1
DA:26,50
DA:27,50
DA:28,50
DA:32,1
LF:7
LH:7
BRF:0
BRH:0
end_of_record
TN:
SF:models/user.js
FN:26,(anonymous_0)
FNF:1
FNH:1
FNDA:1,(anonymous_0)
DA:1,1
DA:2,1
DA:4,1
DA:25,1
DA:27,1
DA:28,1
DA:29,1
DA:30,1
DA:34,1
DA:36,1
LF:10
LH:10
BRF:0
BRH:0
end_of_record
TN:
SF:tests/test_helper.js
FN:55,(anonymous_0)
FN:68,(anonymous_1)
FN:70,(anonymous_2)
FN:73,(anonymous_3)
FN:75,(anonymous_4)
FNF:5
FNH:5
FNDA:1,(anonymous_0)
FNDA:4,(anonymous_1)
FNDA:24,(anonymous_2)
FNDA:1,(anonymous_3)
FNDA:1,(anonymous_4)
DA:1,1
DA:2,1
DA:4,1
DA:55,1
DA:56,1
DA:62,1
DA:63,1
DA:65,1
DA:68,1
DA:69,4
DA:70,24
DA:73,1
DA:74,1
DA:75,1
DA:78,1
LF:15
LH:15
BRF:0
BRH:0
end_of_record
TN:
SF:utils/config.js
FNF:0
FNH:0
DA:1,1
DA:2,1
DA:4,1
DA:8,1
LF:4
LH:4
BRDA:4,0,0,1
BRDA:4,0,1,0
BRF:2
BRH:1
end_of_record
TN:
SF:utils/logger.js
FN:1,(anonymous_0)
FN:6,(anonymous_1)
FNF:2
FNH:1
FNDA:102,(anonymous_0)
FNDA:0,(anonymous_1)
DA:1,1
DA:2,102
DA:3,0
DA:6,1
DA:7,0
DA:8,0
DA:12,1
LF:7
LH:4
BRDA:2,0,0,0
BRDA:2,0,1,102
BRDA:7,1,0,0
BRDA:7,1,1,0
BRF:4
BRH:1
end_of_record
TN:
SF:utils/middleware.js
FN:5,(anonymous_0)
FN:13,(anonymous_1)
FN:22,(anonymous_2)
FN:35,(anonymous_3)
FN:38,(anonymous_4)
FNF:5
FNH:3
FNDA:25,(anonymous_0)
FNDA:25,(anonymous_1)
FNDA:1,(anonymous_2)
FNDA:0,(anonymous_3)
FNDA:0,(anonymous_4)
DA:1,1
DA:2,1
DA:3,1
DA:5,1
DA:6,25
DA:7,25
DA:8,25
DA:9,25
DA:10,25
DA:13,1
DA:14,25
DA:16,25
DA:17,2
DA:19,25
DA:22,1
DA:23,1
DA:25,0
DA:26,0
DA:29,0
DA:30,0
DA:32,0
DA:35,1
DA:36,0
DA:38,1
DA:39,0
DA:41,0
DA:42,0
DA:43,0
DA:44,0
DA:45,0
DA:46,0
DA:47,0
DA:48,0
DA:50,0
DA:53,1
LF:35
LH:19
BRDA:16,0,0,2
BRDA:16,0,1,23
BRDA:16,1,0,25
BRDA:16,1,1,2
BRDA:25,2,0,0
BRDA:25,2,1,0
BRDA:41,3,0,0
BRDA:41,3,1,0
BRDA:43,4,0,0
BRDA:43,4,1,0
BRDA:45,5,0,0
BRDA:45,5,1,0
BRDA:47,6,0,0
BRDA:47,6,1,0
BRF:14
BRH:4
end_of_record
